Array
(
    [date] => 2026-04-25 11:54:19
    [url] => https://api.mercadolibre.com/users/761694494/items/search?q=cajuela+vento+2014&status=active&limit=50
    [token_used] => APP_USR-2388568433332149-042513-8f157352b12d4b51938749714191c8a4-761694494
    [http_response] => Array
        (
            [0] => HTTP/1.1 200 OK
            [1] => Content-Type: application/json; charset=utf-8
            [2] => Content-Length: 1386
            [3] => Connection: close
            [4] => Date: Sat, 25 Apr 2026 17:54:18 GMT
            [5] => x-api-server-segment: legacy
            [6] => vary: Accept-Encoding
            [7] => X-Content-Type-Options: nosniff
            [8] => X-Request-Id: b3f8da4d-b188-4477-bab8-9222b2cb63ff
            [9] => Strict-Transport-Security: max-age=63072000; includeSubDomains; preload
            [10] => X-Frame-Options: DENY
            [11] => X-XSS-Protection: 1; mode=block
            [12] => Access-Control-Allow-Origin: *
            [13] => Access-Control-Allow-Headers: Content-Type
            [14] => Access-Control-Allow-Methods: PUT, GET, POST, DELETE, OPTIONS
            [15] => Access-Control-Max-Age: 86400
            [16] => X-Cache: Miss from cloudfront
            [17] => Via: 1.1 221661bea49a4b6e347b05c815ab6a62.cloudfront.net (CloudFront)
            [18] => X-Amz-Cf-Pop: QRO51-P6
            [19] => X-Amz-Cf-Id: dRSQXpnzfipObZQSKHyGFF7FNHY23SAvehqkYLHPRRNOkTREd6KfvQ==
        )

    [json] => {"seller_id":"761694494","results":["MLM3351722686","MLM2489333543"],"paging":{"limit":50,"offset":0,"total":2},"query":"cajuela vento 2014","orders":[{"id":"stop_time_asc","name":"Order by stop time ascending"}],"available_orders":[{"id":"stop_time_asc","name":"Order by stop time ascending"},{"id":"stop_time_desc","name":"Order by stop time descending"},{"id":"start_time_asc","name":"Order by start time ascending"},{"id":"start_time_desc","name":"Order by start time descending"},{"id":"available_quantity_asc","name":"Order by available quantity ascending"},{"id":"available_quantity_desc","name":"Order by available quantity descending"},{"id":"sold_quantity_asc","name":"Order by sold quantity ascending"},{"id":"sold_quantity_desc","name":"Order by sold quantity descending"},{"id":"price_asc","name":"Order by price ascending"},{"id":"price_desc","name":"Order by price descending"},{"id":"last_updated_desc","name":"Order by lastUpdated descending"},{"id":"last_updated_asc","name":"Order by last updated ascending"},{"id":"total_sold_quantity_asc","name":"Order by total sold quantity ascending"},{"id":{"id":"total_sold_quantity_desc","field":"sold_quantity","missing":"_last","order":"desc"},"name":"Order by total sold quantity descending"},{"id":{"id":"inventory_id_asc","field":"inventory_id","missing":"_last","order":"asc"},"name":"Order by inventory id ascending"}]}
)

-----------------
Array
(
    [date] => 2026-04-25 11:56:46
    [url] => https://api.mercadolibre.com/users/761694494/items/search?q=cajuela+vento+2014&status=active&limit=50
    [token_used] => APP_USR-2388568433332149-042513-8f157352b12d4b51938749714191c8a4-761694494
    [http_response] => Array
        (
            [0] => HTTP/1.1 200 OK
            [1] => Content-Type: application/json; charset=utf-8
            [2] => Content-Length: 1386
            [3] => Connection: close
            [4] => Date: Sat, 25 Apr 2026 17:56:45 GMT
            [5] => x-api-server-segment: legacy
            [6] => vary: Accept-Encoding
            [7] => X-Content-Type-Options: nosniff
            [8] => X-Request-Id: 7e87aa74-4188-45ac-a372-b5f6434e6a79
            [9] => Strict-Transport-Security: max-age=63072000; includeSubDomains; preload
            [10] => X-Frame-Options: DENY
            [11] => X-XSS-Protection: 1; mode=block
            [12] => Access-Control-Allow-Origin: *
            [13] => Access-Control-Allow-Headers: Content-Type
            [14] => Access-Control-Allow-Methods: PUT, GET, POST, DELETE, OPTIONS
            [15] => Access-Control-Max-Age: 86400
            [16] => X-Cache: Miss from cloudfront
            [17] => Via: 1.1 043ffb400e757cc593b676a44ae63810.cloudfront.net (CloudFront)
            [18] => X-Amz-Cf-Pop: QRO51-P4
            [19] => X-Amz-Cf-Id: rVaCUXnlU2JdChGTNDe61F1K57oRJlbbvJFMOBHB6eUBliEyI8Uayw==
        )

    [json] => {"seller_id":"761694494","results":["MLM3351722686","MLM2489333543"],"paging":{"limit":50,"offset":0,"total":2},"query":"cajuela vento 2014","orders":[{"id":"stop_time_asc","name":"Order by stop time ascending"}],"available_orders":[{"id":"stop_time_asc","name":"Order by stop time ascending"},{"id":"stop_time_desc","name":"Order by stop time descending"},{"id":"start_time_asc","name":"Order by start time ascending"},{"id":"start_time_desc","name":"Order by start time descending"},{"id":"available_quantity_asc","name":"Order by available quantity ascending"},{"id":"available_quantity_desc","name":"Order by available quantity descending"},{"id":"sold_quantity_asc","name":"Order by sold quantity ascending"},{"id":"sold_quantity_desc","name":"Order by sold quantity descending"},{"id":"price_asc","name":"Order by price ascending"},{"id":"price_desc","name":"Order by price descending"},{"id":"last_updated_desc","name":"Order by lastUpdated descending"},{"id":"last_updated_asc","name":"Order by last updated ascending"},{"id":"total_sold_quantity_asc","name":"Order by total sold quantity ascending"},{"id":{"id":"total_sold_quantity_desc","field":"sold_quantity","missing":"_last","order":"desc"},"name":"Order by total sold quantity descending"},{"id":{"id":"inventory_id_asc","field":"inventory_id","missing":"_last","order":"asc"},"name":"Order by inventory id ascending"}]}
)

-----------------
Array
(
    [date] => 2026-04-25 11:59:32
    [url] => https://api.mercadolibre.com/users/761694494/items/search?q=cajuela+vento+2014&status=active&limit=50
    [token_used] => APP_USR-2388568433332149-042513-8f157352b12d4b51938749714191c8a4-761694494
    [http_response] => Array
        (
            [0] => HTTP/1.1 200 OK
            [1] => Content-Type: application/json; charset=utf-8
            [2] => Content-Length: 1386
            [3] => Connection: close
            [4] => Date: Sat, 25 Apr 2026 17:59:32 GMT
            [5] => x-api-server-segment: legacy
            [6] => vary: Accept-Encoding
            [7] => X-Content-Type-Options: nosniff
            [8] => X-Request-Id: 35640903-c076-4904-9471-85df05dee220
            [9] => Strict-Transport-Security: max-age=63072000; includeSubDomains; preload
            [10] => X-Frame-Options: DENY
            [11] => X-XSS-Protection: 1; mode=block
            [12] => Access-Control-Allow-Origin: *
            [13] => Access-Control-Allow-Headers: Content-Type
            [14] => Access-Control-Allow-Methods: PUT, GET, POST, DELETE, OPTIONS
            [15] => Access-Control-Max-Age: 86400
            [16] => X-Cache: Miss from cloudfront
            [17] => Via: 1.1 26e9022028b267d28a9f79cdf448ea7e.cloudfront.net (CloudFront)
            [18] => X-Amz-Cf-Pop: QRO51-P4
            [19] => X-Amz-Cf-Id: g_sx5mxvFqU2PlbIybega78b2d_VkF5Pupjw5uJQ1DJZoQqkhSI6rw==
        )

    [json] => {"seller_id":"761694494","results":["MLM3351722686","MLM2489333543"],"paging":{"limit":50,"offset":0,"total":2},"query":"cajuela vento 2014","orders":[{"id":"stop_time_asc","name":"Order by stop time ascending"}],"available_orders":[{"id":"stop_time_asc","name":"Order by stop time ascending"},{"id":"stop_time_desc","name":"Order by stop time descending"},{"id":"start_time_asc","name":"Order by start time ascending"},{"id":"start_time_desc","name":"Order by start time descending"},{"id":"available_quantity_asc","name":"Order by available quantity ascending"},{"id":"available_quantity_desc","name":"Order by available quantity descending"},{"id":"sold_quantity_asc","name":"Order by sold quantity ascending"},{"id":"sold_quantity_desc","name":"Order by sold quantity descending"},{"id":"price_asc","name":"Order by price ascending"},{"id":"price_desc","name":"Order by price descending"},{"id":"last_updated_desc","name":"Order by lastUpdated descending"},{"id":"last_updated_asc","name":"Order by last updated ascending"},{"id":"total_sold_quantity_asc","name":"Order by total sold quantity ascending"},{"id":{"id":"total_sold_quantity_desc","field":"sold_quantity","missing":"_last","order":"desc"},"name":"Order by total sold quantity descending"},{"id":{"id":"inventory_id_asc","field":"inventory_id","missing":"_last","order":"asc"},"name":"Order by inventory id ascending"}]}
)

-----------------
Array
(
    [date] => 2026-04-25 12:02:10
    [url] => https://api.mercadolibre.com/users/761694494/items/search?q=cajuela+vento+2014&status=active&limit=50
    [token_used] => APP_USR-2388568433332149-042513-8f157352b12d4b51938749714191c8a4-761694494
    [http_response] => Array
        (
            [0] => HTTP/1.1 200 OK
            [1] => Content-Type: application/json; charset=utf-8
            [2] => Content-Length: 1386
            [3] => Connection: close
            [4] => Date: Sat, 25 Apr 2026 18:02:09 GMT
            [5] => x-api-server-segment: legacy
            [6] => vary: Accept-Encoding
            [7] => X-Content-Type-Options: nosniff
            [8] => X-Request-Id: 677676a4-8c18-453f-b3c9-bea85f530e44
            [9] => Strict-Transport-Security: max-age=63072000; includeSubDomains; preload
            [10] => X-Frame-Options: DENY
            [11] => X-XSS-Protection: 1; mode=block
            [12] => Access-Control-Allow-Origin: *
            [13] => Access-Control-Allow-Headers: Content-Type
            [14] => Access-Control-Allow-Methods: PUT, GET, POST, DELETE, OPTIONS
            [15] => Access-Control-Max-Age: 86400
            [16] => X-Cache: Miss from cloudfront
            [17] => Via: 1.1 221661bea49a4b6e347b05c815ab6a62.cloudfront.net (CloudFront)
            [18] => X-Amz-Cf-Pop: QRO51-P6
            [19] => X-Amz-Cf-Id: cZid0wBCR7ivFuS6qRsoxm1Kt1-uzSydcqk8DzfGTRkqxEuNw-hrIA==
        )

    [json] => {"seller_id":"761694494","results":["MLM3351722686","MLM2489333543"],"paging":{"limit":50,"offset":0,"total":2},"query":"cajuela vento 2014","orders":[{"id":"stop_time_asc","name":"Order by stop time ascending"}],"available_orders":[{"id":"stop_time_asc","name":"Order by stop time ascending"},{"id":"stop_time_desc","name":"Order by stop time descending"},{"id":"start_time_asc","name":"Order by start time ascending"},{"id":"start_time_desc","name":"Order by start time descending"},{"id":"available_quantity_asc","name":"Order by available quantity ascending"},{"id":"available_quantity_desc","name":"Order by available quantity descending"},{"id":"sold_quantity_asc","name":"Order by sold quantity ascending"},{"id":"sold_quantity_desc","name":"Order by sold quantity descending"},{"id":"price_asc","name":"Order by price ascending"},{"id":"price_desc","name":"Order by price descending"},{"id":"last_updated_desc","name":"Order by lastUpdated descending"},{"id":"last_updated_asc","name":"Order by last updated ascending"},{"id":"total_sold_quantity_asc","name":"Order by total sold quantity ascending"},{"id":{"id":"total_sold_quantity_desc","field":"sold_quantity","missing":"_last","order":"desc"},"name":"Order by total sold quantity descending"},{"id":{"id":"inventory_id_asc","field":"inventory_id","missing":"_last","order":"asc"},"name":"Order by inventory id ascending"}]}
)

-----------------
Array
(
    [date] => 2026-04-25 12:03:11
    [url] => https://api.mercadolibre.com/users/761694494/items/search?q=cajuela+vento+2014&status=active&limit=50
    [token_used] => APP_USR-2388568433332149-042513-8f157352b12d4b51938749714191c8a4-761694494
    [http_response] => Array
        (
            [0] => HTTP/1.1 200 OK
            [1] => Content-Type: application/json; charset=utf-8
            [2] => Content-Length: 1386
            [3] => Connection: close
            [4] => Date: Sat, 25 Apr 2026 18:03:10 GMT
            [5] => Access-Control-Max-Age: 86400
            [6] => x-api-server-segment: legacy
            [7] => vary: Accept-Encoding
            [8] => X-Content-Type-Options: nosniff
            [9] => X-Request-Id: 45d1515c-27f5-49a3-afe0-9e6c3c4b5b2e
            [10] => Strict-Transport-Security: max-age=63072000; includeSubDomains; preload
            [11] => X-Frame-Options: DENY
            [12] => X-XSS-Protection: 1; mode=block
            [13] => Access-Control-Allow-Origin: *
            [14] => Access-Control-Allow-Headers: Content-Type
            [15] => Access-Control-Allow-Methods: PUT, GET, POST, DELETE, OPTIONS
            [16] => X-Cache: Miss from cloudfront
            [17] => Via: 1.1 ab955e594a49a4d324b776faa9c6973e.cloudfront.net (CloudFront)
            [18] => X-Amz-Cf-Pop: QRO51-P6
            [19] => X-Amz-Cf-Id: 4sPVyPjQaA0haihSJ_TOSGRMMTKWSqIFDFTOW3RFVww3qzNR6xOPMg==
        )

    [json] => {"seller_id":"761694494","results":["MLM3351722686","MLM2489333543"],"paging":{"limit":50,"offset":0,"total":2},"query":"cajuela vento 2014","orders":[{"id":"stop_time_asc","name":"Order by stop time ascending"}],"available_orders":[{"id":"stop_time_asc","name":"Order by stop time ascending"},{"id":"stop_time_desc","name":"Order by stop time descending"},{"id":"start_time_asc","name":"Order by start time ascending"},{"id":"start_time_desc","name":"Order by start time descending"},{"id":"available_quantity_asc","name":"Order by available quantity ascending"},{"id":"available_quantity_desc","name":"Order by available quantity descending"},{"id":"sold_quantity_asc","name":"Order by sold quantity ascending"},{"id":"sold_quantity_desc","name":"Order by sold quantity descending"},{"id":"price_asc","name":"Order by price ascending"},{"id":"price_desc","name":"Order by price descending"},{"id":"last_updated_desc","name":"Order by lastUpdated descending"},{"id":"last_updated_asc","name":"Order by last updated ascending"},{"id":"total_sold_quantity_asc","name":"Order by total sold quantity ascending"},{"id":{"id":"total_sold_quantity_desc","field":"sold_quantity","missing":"_last","order":"desc"},"name":"Order by total sold quantity descending"},{"id":{"id":"inventory_id_asc","field":"inventory_id","missing":"_last","order":"asc"},"name":"Order by inventory id ascending"}]}
)

-----------------
